<?xml version="1.0" encoding="UTF-8"?>
<!-- Generated by org.testng.reporters.JUnitReportReporter -->
<testsuite hostname="DESKTOP-MDE19NB" failures="0" tests="2" name="test.logintest" time="11.839" errors="0" timestamp="2024-07-08T20:15:46 IST" skipped="0">
  <testcase classname="test.logintest" name="negativeScenario" time="3.050"/>
  <testcase classname="test.logintest" name="postiveScenario" time="8.789"/>
</testsuite> <!-- test.logintest -->
